<?xml version="1.0" encoding="UTF-8"?>
<testng-results ignored="0" total="1" passed="1" failed="0" skipped="0">
  <reporter-output>
  </reporter-output>
  <suite started-at="2023-06-08T13:00:25 IST" name="Default suite" finished-at="2023-06-08T13:00:55 IST" duration-ms="29444">
    <groups>
      <group name="cucumber">
        <method signature="AbstractTestNGCucumberTests.runScenario(io.cucumber.testng.PickleWrapper,io.cucumber.testng.FeatureWrapper)[pri:0, instance:testrunner.Excel_testrunner@2e385cce]" name="runScenario" class="io.cucumber.testng.AbstractTestNGCucumberTests"/>
      </group> <!-- cucumber -->
    </groups>
    <test started-at="2023-06-08T13:00:25 IST" name="Default test" finished-at="2023-06-08T13:00:55 IST" duration-ms="29444">
      <class name="testrunner.Excel_testrunner">
        <test-method is-config="true" signature="setUpClass(org.testng.ITestContext)[pri:0, instance:testrunner.Excel_testrunner@2e385cce]" started-at="2023-06-08T13:00:25 IST" name="setUpClass" finished-at="2023-06-08T13:00:26 IST" duration-ms="573" status="PASS">
          <params>
            <param index="0">
              <value>
                <![CDATA[org.testng.TestRunner@2bdab835]]>
              </value>
            </param>
          </params>
          <reporter-output>
          </reporter-output>
        </test-method> <!-- setUpClass -->
        <test-method signature="runScenario(io.cucumber.testng.PickleWrapper,io.cucumber.testng.FeatureWrapper)[pri:0, instance:testrunner.Excel_testrunner@2e385cce]" started-at="2023-06-08T13:00:26 IST" name="runScenario" description="Runs Cucumber Scenarios" data-provider="scenarios" finished-at="2023-06-08T13:00:55 IST" duration-ms="28761" status="PASS">
          <params>
            <param index="0">
              <value>
                <![CDATA["Verify PB login functionality with valid data"]]>
              </value>
            </param>
            <param index="1">
              <value>
                <![CDATA["Login"]]>
              </value>
            </param>
          </params>
          <reporter-output>
          </reporter-output>
        </test-method> <!-- runScenario -->
        <test-method is-config="true" signature="tearDownClass()[pri:0, instance:testrunner.Excel_testrunner@2e385cce]" started-at="2023-06-08T13:00:55 IST" name="tearDownClass" finished-at="2023-06-08T13:00:55 IST" duration-ms="81" status="PASS">
          <reporter-output>
          </reporter-output>
        </test-method> <!-- tearDownClass -->
      </class> <!-- testrunner.Excel_testrunner -->
    </test> <!-- Default test -->
  </suite> <!-- Default suite -->
</testng-results>
